Added Component: Designator=C1(Ó„µÁ»›)
Added Component: Designator=C2(0805C)
Added Component: Designator=C3(Ó„µÁ»›)
Added Component: Designator=C4(0805C)
Added Component: Designator=C5(POLAR0.8)
Added Component: Designator=C6(0805C)
Added Component: Designator=C7(POLAR0.8)
Added Component: Designator=C8(0805)
Added Component: Designator=C9(0805C)
Added Component: Designator=C10(0805)
Added Component: Designator=C11(0805)
Added Component: Designator=C12(0805)
Added Component: Designator=C13(0805)
Added Component: Designator=C14(0805)
Added Component: Designator=DS1(SMDLED)
Added Component: Designator=DS2(SMDLED)
Added Component: Designator=P1(KF301-3P)
Added Component: Designator=P2(KF301-4P)
Added Component: Designator=P3(KF301-3P)
Added Component: Designator=P4(MHDR1X4)
Added Component: Designator=P5(HDR1X3)
Added Component: Designator=P6(HDR1X3)
Added Component: Designator=P7(MHDR1X4)
Added Component: Designator=Q1(SOT-23R)
Added Component: Designator=Q2(SOT-23R)
Added Component: Designator=Q3(SOT-23R)
Added Component: Designator=Q4(SOT-23R)
Added Component: Designator=Q5(SOT-23R)
Added Component: Designator=Q6(SOT-23R)
Added Component: Designator=R1(AXIAL-0.4)
Added Component: Designator=R2(AXIAL-0.4)
Added Component: Designator=R3(AXIAL-0.4)
Added Component: Designator=R4(AXIAL-0.4)
Added Component: Designator=R5(AXIAL-0.4)
Added Component: Designator=R6(AXIAL-0.4)
Added Component: Designator=R7(AXIAL-0.4)
Added Component: Designator=R8(AXIAL-0.4)
Added Component: Designator=R9(AXIAL-0.4)
Added Component: Designator=R10(AXIAL-0.4)
Added Component: Designator=R11(AXIAL-0.4)
Added Component: Designator=R12(AXIAL-0.4)
Added Component: Designator=R13(0805)
Added Component: Designator=R14(0805)
Added Component: Designator=R15(0603P)
Added Component: Designator=R16(0805)
Added Component: Designator=R17(0805)
Added Component: Designator=R18(0603P)
Added Component: Designator=R19(0805)
Added Component: Designator=U1(AMS1117)
Added Component: Designator=U2(LQF48)
Added Component: Designator=U3(SOP-4)
Added Component: Designator=U4(SOP-4)
Added Component: Designator=USB_?(USB/SM0.8-6H5)
Added Component: Designator=Y1(SMD-5032)
Added Pin To Net: NetName=+5V Pin=C1-1
Added Pin To Net: NetName=+5V Pin=C2-2
Added Pin To Net: NetName=+5V Pin=P2-2
Added Pin To Net: NetName=+5V Pin=Q1-3
Added Pin To Net: NetName=+5V Pin=Q2-3
Added Pin To Net: NetName=+5V Pin=Q3-3
Added Pin To Net: NetName=+5V Pin=Q4-3
Added Pin To Net: NetName=+5V Pin=Q5-3
Added Pin To Net: NetName=+5V Pin=Q6-3
Added Pin To Net: NetName=+5V Pin=U1-3
Added Pin To Net: NetName=+5V Pin=USB_?-1
Added Net: Name=+5V
Added Pin To Net: NetName=+7.5V Pin=C5-1
Added Pin To Net: NetName=+7.5V Pin=P2-4
Added Pin To Net: NetName=+7.5V Pin=P5-2
Added Pin To Net: NetName=+7.5V Pin=P6-2
Added Pin To Net: NetName=+7.5V Pin=R7-2
Added Pin To Net: NetName=+7.5V Pin=R10-2
Added Net: Name=+7.5V
Added Pin To Net: NetName=3.3V Pin=C3-1
Added Pin To Net: NetName=3.3V Pin=C4-2
Added Pin To Net: NetName=3.3V Pin=C6-1
Added Pin To Net: NetName=3.3V Pin=C7-1
Added Pin To Net: NetName=3.3V Pin=C10-2
Added Pin To Net: NetName=3.3V Pin=C11-2
Added Pin To Net: NetName=3.3V Pin=C12-2
Added Pin To Net: NetName=3.3V Pin=C13-2
Added Pin To Net: NetName=3.3V Pin=P4-1
Added Pin To Net: NetName=3.3V Pin=P7-1
Added Pin To Net: NetName=3.3V Pin=R14-1
Added Pin To Net: NetName=3.3V Pin=R15-1
Added Pin To Net: NetName=3.3V Pin=R17-1
Added Pin To Net: NetName=3.3V Pin=R18-1
Added Pin To Net: NetName=3.3V Pin=U1-2
Added Pin To Net: NetName=3.3V Pin=U1-4
Added Pin To Net: NetName=3.3V Pin=U2-9
Added Pin To Net: NetName=3.3V Pin=U2-24
Added Pin To Net: NetName=3.3V Pin=U2-36
Added Pin To Net: NetName=3.3V Pin=U2-48
Added Pin To Net: NetName=3.3V Pin=U3-1
Added Pin To Net: NetName=3.3V Pin=U4-1
Added Net: Name=3.3V
Added Pin To Net: NetName=7.5V_GND Pin=C5-2
Added Pin To Net: NetName=7.5V_GND Pin=P2-3
Added Pin To Net: NetName=7.5V_GND Pin=P5-3
Added Pin To Net: NetName=7.5V_GND Pin=P6-3
Added Pin To Net: NetName=7.5V_GND Pin=R9-2
Added Pin To Net: NetName=7.5V_GND Pin=R12-1
Added Net: Name=7.5V_GND
Added Pin To Net: NetName=BOOT0 Pin=R19-2
Added Pin To Net: NetName=BOOT0 Pin=U2-44
Added Net: Name=BOOT0
Added Pin To Net: NetName=DIR1 Pin=P1-2
Added Pin To Net: NetName=DIR1 Pin=Q2-1
Added Pin To Net: NetName=DIR1 Pin=R2-1
Added Net: Name=DIR1
Added Pin To Net: NetName=DIR2 Pin=P3-2
Added Pin To Net: NetName=DIR2 Pin=Q5-1
Added Pin To Net: NetName=DIR2 Pin=R5-1
Added Net: Name=DIR2
Added Pin To Net: NetName=ENA1 Pin=P1-3
Added Pin To Net: NetName=ENA1 Pin=Q3-1
Added Pin To Net: NetName=ENA1 Pin=R3-1
Added Net: Name=ENA1
Added Pin To Net: NetName=ENA2 Pin=P3-3
Added Pin To Net: NetName=ENA2 Pin=Q6-1
Added Pin To Net: NetName=ENA2 Pin=R6-1
Added Net: Name=ENA2
Added Pin To Net: NetName=GND Pin=C1-2
Added Pin To Net: NetName=GND Pin=C2-1
Added Pin To Net: NetName=GND Pin=C3-2
Added Pin To Net: NetName=GND Pin=C4-1
Added Pin To Net: NetName=GND Pin=C6-2
Added Pin To Net: NetName=GND Pin=C7-2
Added Pin To Net: NetName=GND Pin=C8-1
Added Pin To Net: NetName=GND Pin=C9-2
Added Pin To Net: NetName=GND Pin=C10-1
Added Pin To Net: NetName=GND Pin=C11-1
Added Pin To Net: NetName=GND Pin=C12-1
Added Pin To Net: NetName=GND Pin=C13-1
Added Pin To Net: NetName=GND Pin=C14-1
Added Pin To Net: NetName=GND Pin=DS2-2
Added Pin To Net: NetName=GND Pin=P2-1
Added Pin To Net: NetName=GND Pin=P4-4
Added Pin To Net: NetName=GND Pin=P7-4
Added Pin To Net: NetName=GND Pin=R1-2
Added Pin To Net: NetName=GND Pin=R2-2
Added Pin To Net: NetName=GND Pin=R3-2
Added Pin To Net: NetName=GND Pin=R4-2
Added Pin To Net: NetName=GND Pin=R5-2
Added Pin To Net: NetName=GND Pin=R6-2
Added Pin To Net: NetName=GND Pin=R19-1
Added Pin To Net: NetName=GND Pin=U1-1
Added Pin To Net: NetName=GND Pin=U2-8
Added Pin To Net: NetName=GND Pin=U2-23
Added Pin To Net: NetName=GND Pin=U2-35
Added Pin To Net: NetName=GND Pin=U2-47
Added Pin To Net: NetName=GND Pin=USB_?-4
Added Pin To Net: NetName=GND Pin=USB_?-5
Added Net: Name=GND
Added Pin To Net: NetName=LED1 Pin=DS1-2
Added Pin To Net: NetName=LED1 Pin=U2-42
Added Net: Name=LED1
Added Pin To Net: NetName=NetDS1_1 Pin=DS1-1
Added Pin To Net: NetName=NetDS1_1 Pin=R14-2
Added Net: Name=NetDS1_1
Added Pin To Net: NetName=NetDS2_1 Pin=DS2-1
Added Pin To Net: NetName=NetDS2_1 Pin=R17-2
Added Net: Name=NetDS2_1
Added Pin To Net: NetName=NetR7_1 Pin=R7-1
Added Pin To Net: NetName=NetR7_1 Pin=U3-4
Added Net: Name=NetR7_1
Added Pin To Net: NetName=NetR8_2 Pin=R8-2
Added Pin To Net: NetName=NetR8_2 Pin=U3-2
Added Net: Name=NetR8_2
Added Pin To Net: NetName=NetR10_1 Pin=R10-1
Added Pin To Net: NetName=NetR10_1 Pin=U4-4
Added Net: Name=NetR10_1
Added Pin To Net: NetName=NetR11_2 Pin=R11-2
Added Pin To Net: NetName=NetR11_2 Pin=U4-2
Added Net: Name=NetR11_2
Added Pin To Net: NetName=NetR13_1 Pin=R13-1
Added Pin To Net: NetName=NetR13_1 Pin=USB_?-2
Added Net: Name=NetR13_1
Added Pin To Net: NetName=NetR16_1 Pin=R16-1
Added Pin To Net: NetName=NetR16_1 Pin=USB_?-3
Added Net: Name=NetR16_1
Added Pin To Net: NetName=NRST Pin=C9-1
Added Pin To Net: NetName=NRST Pin=R18-2
Added Pin To Net: NetName=NRST Pin=U2-7
Added Net: Name=NRST
Added Pin To Net: NetName=OSCIN Pin=C8-2
Added Pin To Net: NetName=OSCIN Pin=U2-5
Added Pin To Net: NetName=OSCIN Pin=Y1-2
Added Net: Name=OSCIN
Added Pin To Net: NetName=OSCOUT Pin=C14-2
Added Pin To Net: NetName=OSCOUT Pin=U2-6
Added Pin To Net: NetName=OSCOUT Pin=Y1-1
Added Net: Name=OSCOUT
Added Pin To Net: NetName=PA1 Pin=Q2-2
Added Pin To Net: NetName=PA1 Pin=U2-11
Added Net: Name=PA1
Added Pin To Net: NetName=PA2 Pin=Q3-2
Added Pin To Net: NetName=PA2 Pin=U2-12
Added Net: Name=PA2
Added Pin To Net: NetName=PA3 Pin=Q5-2
Added Pin To Net: NetName=PA3 Pin=U2-13
Added Net: Name=PA3
Added Pin To Net: NetName=PA4 Pin=Q6-2
Added Pin To Net: NetName=PA4 Pin=U2-14
Added Net: Name=PA4
Added Pin To Net: NetName=PA6 Pin=R8-1
Added Net: Name=PA6
Added Pin To Net: NetName=PA7 Pin=R11-1
Added Net: Name=PA7
Added Pin To Net: NetName=PA11 Pin=R13-2
Added Pin To Net: NetName=PA11 Pin=U2-32
Added Net: Name=PA11
Added Pin To Net: NetName=PA12 Pin=R15-2
Added Pin To Net: NetName=PA12 Pin=R16-2
Added Pin To Net: NetName=PA12 Pin=U2-33
Added Net: Name=PA12
Added Pin To Net: NetName=PB12 Pin=Q1-2
Added Pin To Net: NetName=PB12 Pin=U2-25
Added Net: Name=PB12
Added Pin To Net: NetName=PB13 Pin=Q4-2
Added Pin To Net: NetName=PB13 Pin=U2-26
Added Net: Name=PB13
Added Pin To Net: NetName=PUL1 Pin=P1-1
Added Pin To Net: NetName=PUL1 Pin=Q1-1
Added Pin To Net: NetName=PUL1 Pin=R1-1
Added Net: Name=PUL1
Added Pin To Net: NetName=PUL2 Pin=P3-1
Added Pin To Net: NetName=PUL2 Pin=Q4-1
Added Pin To Net: NetName=PUL2 Pin=R4-1
Added Net: Name=PUL2
Added Pin To Net: NetName=PWM1 Pin=P5-1
Added Pin To Net: NetName=PWM1 Pin=R9-1
Added Pin To Net: NetName=PWM1 Pin=U3-3
Added Net: Name=PWM1
Added Pin To Net: NetName=PWM2 Pin=P6-1
Added Pin To Net: NetName=PWM2 Pin=R12-2
Added Pin To Net: NetName=PWM2 Pin=U4-3
Added Net: Name=PWM2
Added Pin To Net: NetName=RXD1 Pin=P7-2
Added Pin To Net: NetName=RXD1 Pin=U2-31
Added Net: Name=RXD1
Added Pin To Net: NetName=SWCLK Pin=P4-3
Added Pin To Net: NetName=SWCLK Pin=U2-37
Added Net: Name=SWCLK
Added Pin To Net: NetName=SWIO Pin=P4-2
Added Pin To Net: NetName=SWIO Pin=U2-34
Added Net: Name=SWIO
Added Pin To Net: NetName=TXD1 Pin=P7-3
Added Pin To Net: NetName=TXD1 Pin=U2-30
Added Net: Name=TXD1
Added Class: Name=Sheet1
Added Room: Name=Sheet1
