Removed Pin From Net: NetName=PB0 Pin=P8-1
Removed Pin From Net: NetName=PB12 Pin=R1-1
Removed Pin From Net: NetName=PA1 Pin=R2-1
Removed Pin From Net: NetName=PA2 Pin=R3-1
Removed Pin From Net: NetName=PB13 Pin=R4-1
Removed Pin From Net: NetName=PA3 Pin=R5-1
Removed Pin From Net: NetName=PA4 Pin=R6-1
Removed Pin From Net: NetName=PA6 Pin=R8-1
Removed Pin From Net: NetName=PA7 Pin=R11-1
Removed Pin From Net: NetName=LED1 Pin=U2-42
Added Pin To Net: NetName=PA3 Pin=R1-1
Added Pin To Net: NetName=PA4 Pin=R2-1
Added Pin To Net: NetName=PA6 Pin=R4-1
Added Pin To Net: NetName=PA7 Pin=R5-1
Added Pin To Net: NetName=PB0 Pin=R6-1
Added Pin To Net: NetName=LED1 Pin=U2-2
Added Pin To Net: NetName=PA5 Pin=R3-1
Added Pin To Net: NetName=PA5 Pin=U2-15
Added Net: Name=PA5
Added Pin To Net: NetName=PA8 Pin=P8-1
Added Pin To Net: NetName=PA8 Pin=U2-29
Added Net: Name=PA8
Added Pin To Net: NetName=PB6 Pin=R8-1
Added Pin To Net: NetName=PB6 Pin=U2-42
Added Net: Name=PB6
Added Pin To Net: NetName=PB7 Pin=R11-1
Added Pin To Net: NetName=PB7 Pin=U2-43
Added Net: Name=PB7
Added Room: Name=Sheet1
