Change Component Designator: Old Designator=C7 New Designator=C5
Change Component Designator: Old Designator=C8 New Designator=C4
Change Component Designator: Old Designator=C9 New Designator=C6
Change Component Designator: Old Designator=C10 New Designator=C7
Change Component Designator: Old Designator=C11 New Designator=C8
Change Component Designator: Old Designator=C12 New Designator=C9
Change Component Designator: Old Designator=C13 New Designator=C10
Change Component Designator: Old Designator=C14 New Designator=C1
Change Component Designator: Old Designator=C23 New Designator=C2
Change Component Designator: Old Designator=C24 New Designator=C3
Change Component Designator: Old Designator=P3 New Designator=P2
Change Component Designator: Old Designator=P4 New Designator=P3
Change Component Designator: Old Designator=P18 New Designator=P4
Change Component Designator: Old Designator=P? New Designator=P1
Change Component Designator: Old Designator=R2 New Designator=R11
Change Component Designator: Old Designator=R3 New Designator=R12
Change Component Designator: Old Designator=R7 New Designator=R1
Change Component Designator: Old Designator=R8 New Designator=R2
Change Component Designator: Old Designator=R30 New Designator=R3
Change Component Designator: Old Designator=R31 New Designator=R4
Change Component Designator: Old Designator=R32 New Designator=R5
Change Component Designator: Old Designator=R33 New Designator=R6
Change Component Designator: Old Designator=R50 New Designator=R7
Change Component Designator: Old Designator=R51 New Designator=R8
Change Component Designator: Old Designator=R52 New Designator=R9
Change Component Designator: Old Designator=R53 New Designator=R10
Change Component Designator: Old Designator=TLP4 New Designator=TLP1
Change Component Designator: Old Designator=U4 New Designator=U1
Change Component Designator: Old Designator=U? New Designator=U2
Change Component Designator: Old Designator=U? New Designator=U3
